{"C:\\Users\\RAVI R VADHER\\Desktop\\Sweet-Shop-Managment\\backend\\src\\app.js": {"path":"C:\\Users\\RAVI R VADHER\\Desktop\\Sweet-Shop-Managment\\backend\\src\\app.js","statementMap":{"0":{"start":{"line":1,"column":16},"end":{"line":1,"column":34}},"1":{"start":{"line":2,"column":19},"end":{"line":2,"column":50}},"2":{"start":{"line":4,"column":12},"end":{"line":4,"column":21}},"3":{"start":{"line":6,"column":0},"end":{"line":6,"column":24}},"4":{"start":{"line":9,"column":0},"end":{"line":11,"column":3}},"5":{"start":{"line":10,"column":2},"end":{"line":10,"column":41}},"6":{"start":{"line":14,"column":0},"end":{"line":14,"column":33}},"7":{"start":{"line":15,"column":20},"end":{"line":15,"column":52}},"8":{"start":{"line":17,"column":0},"end":{"line":17,"column":35}},"9":{"start":{"line":19,"column":20},"end":{"line":19,"column":52}},"10":{"start":{"line":20,"column":0},"end":{"line":20,"column":36}},"11":{"start":{"line":24,"column":0},"end":{"line":24,"column":21}}},"fnMap":{"0":{"name":"(anonymous_0)","decl":{"start":{"line":9,"column":19},"end":{"line":9,"column":20}},"loc":{"start":{"line":9,"column":33},"end":{"line":11,"column":1}},"line":9}},"branchMap":{},"s":{"0":2,"1":2,"2":2,"3":2,"4":2,"5":0,"6":2,"7":2,"8":2,"9":2,"10":2,"11":2},"f":{"0":0},"b":{},"_coverageSchema":"1a1c01bbd47fc00a2c39e90264f33305004495a9","hash":"7103b92747bfe48b1488c2fe2a68cd3535e1874f"}
,"C:\\Users\\RAVI R VADHER\\Desktop\\Sweet-Shop-Managment\\backend\\src\\middleware\\admin.middleware.js": {"path":"C:\\Users\\RAVI R VADHER\\Desktop\\Sweet-Shop-Managment\\backend\\src\\middleware\\admin.middleware.js","statementMap":{"0":{"start":{"line":1,"column":0},"end":{"line":6,"column":2}},"1":{"start":{"line":2,"column":2},"end":{"line":4,"column":3}},"2":{"start":{"line":3,"column":4},"end":{"line":3,"column":74}},"3":{"start":{"line":5,"column":2},"end":{"line":5,"column":9}}},"fnMap":{"0":{"name":"(anonymous_0)","decl":{"start":{"line":1,"column":17},"end":{"line":1,"column":18}},"loc":{"start":{"line":1,"column":37},"end":{"line":6,"column":1}},"line":1}},"branchMap":{"0":{"loc":{"start":{"line":2,"column":2},"end":{"line":4,"column":3}},"type":"if","locations":[{"start":{"line":2,"column":2},"end":{"line":4,"column":3}},{"start":{},"end":{}}],"line":2}},"s":{"0":2,"1":10,"2":2,"3":8},"f":{"0":10},"b":{"0":[2,8]},"_coverageSchema":"1a1c01bbd47fc00a2c39e90264f33305004495a9","hash":"f9b3c4b247503066ecc339a74fe01d1f2a9749c2"}
,"C:\\Users\\RAVI R VADHER\\Desktop\\Sweet-Shop-Managment\\backend\\src\\middleware\\auth.middleware.js": {"path":"C:\\Users\\RAVI R VADHER\\Desktop\\Sweet-Shop-Managment\\backend\\src\\middleware\\auth.middleware.js","statementMap":{"0":{"start":{"line":1,"column":12},"end":{"line":1,"column":35}},"1":{"start":{"line":3,"column":0},"end":{"line":19,"column":2}},"2":{"start":{"line":4,"column":21},"end":{"line":4,"column":46}},"3":{"start":{"line":6,"column":2},"end":{"line":8,"column":3}},"4":{"start":{"line":7,"column":4},"end":{"line":7,"column":66}},"5":{"start":{"line":10,"column":16},"end":{"line":10,"column":40}},"6":{"start":{"line":12,"column":2},"end":{"line":18,"column":3}},"7":{"start":{"line":13,"column":20},"end":{"line":13,"column":61}},"8":{"start":{"line":14,"column":4},"end":{"line":14,"column":23}},"9":{"start":{"line":15,"column":4},"end":{"line":15,"column":11}},"10":{"start":{"line":17,"column":4},"end":{"line":17,"column":62}}},"fnMap":{"0":{"name":"(anonymous_0)","decl":{"start":{"line":3,"column":17},"end":{"line":3,"column":18}},"loc":{"start":{"line":3,"column":37},"end":{"line":19,"column":1}},"line":3}},"branchMap":{"0":{"loc":{"start":{"line":6,"column":2},"end":{"line":8,"column":3}},"type":"if","locations":[{"start":{"line":6,"column":2},"end":{"line":8,"column":3}},{"start":{},"end":{}}],"line":6}},"s":{"0":2,"1":2,"2":15,"3":15,"4":0,"5":15,"6":15,"7":15,"8":15,"9":15,"10":0},"f":{"0":15},"b":{"0":[0,15]},"_coverageSchema":"1a1c01bbd47fc00a2c39e90264f33305004495a9","hash":"0f41c2210cc4faac60b9e84390d476d304f51d45"}
,"C:\\Users\\RAVI R VADHER\\Desktop\\Sweet-Shop-Managment\\backend\\src\\models\\Sweet.js": {"path":"C:\\Users\\RAVI R VADHER\\Desktop\\Sweet-Shop-Managment\\backend\\src\\models\\Sweet.js","statementMap":{"0":{"start":{"line":1,"column":17},"end":{"line":1,"column":36}},"1":{"start":{"line":3,"column":20},"end":{"line":8,"column":2}},"2":{"start":{"line":10,"column":0},"end":{"line":10,"column":54}}},"fnMap":{},"branchMap":{},"s":{"0":2,"1":2,"2":2},"f":{},"b":{},"_coverageSchema":"1a1c01bbd47fc00a2c39e90264f33305004495a9","hash":"17479ecdcaba82f33dcda1afbf3b67737b43833c"}
,"C:\\Users\\RAVI R VADHER\\Desktop\\Sweet-Shop-Managment\\backend\\src\\models\\User.js": {"path":"C:\\Users\\RAVI R VADHER\\Desktop\\Sweet-Shop-Managment\\backend\\src\\models\\User.js","statementMap":{"0":{"start":{"line":1,"column":17},"end":{"line":1,"column":36}},"1":{"start":{"line":3,"column":19},"end":{"line":18,"column":2}},"2":{"start":{"line":20,"column":0},"end":{"line":20,"column":52}}},"fnMap":{},"branchMap":{},"s":{"0":2,"1":2,"2":2},"f":{},"b":{},"_coverageSchema":"1a1c01bbd47fc00a2c39e90264f33305004495a9","hash":"e1b8793d5bd7ca9431cd9a1f2c9917467e2be5e4"}
,"C:\\Users\\RAVI R VADHER\\Desktop\\Sweet-Shop-Managment\\backend\\src\\routes\\admin.routes.js": {"path":"C:\\Users\\RAVI R VADHER\\Desktop\\Sweet-Shop-Managment\\backend\\src\\routes\\admin.routes.js","statementMap":{"0":{"start":{"line":1,"column":16},"end":{"line":1,"column":34}},"1":{"start":{"line":2,"column":13},"end":{"line":2,"column":53}},"2":{"start":{"line":3,"column":14},"end":{"line":3,"column":55}},"3":{"start":{"line":5,"column":15},"end":{"line":5,"column":31}},"4":{"start":{"line":7,"column":0},"end":{"line":9,"column":3}},"5":{"start":{"line":8,"column":2},"end":{"line":8,"column":60}},"6":{"start":{"line":11,"column":0},"end":{"line":11,"column":24}}},"fnMap":{"0":{"name":"(anonymous_0)","decl":{"start":{"line":7,"column":33},"end":{"line":7,"column":34}},"loc":{"start":{"line":7,"column":47},"end":{"line":9,"column":1}},"line":7}},"branchMap":{},"s":{"0":2,"1":2,"2":2,"3":2,"4":2,"5":0,"6":2},"f":{"0":0},"b":{},"_coverageSchema":"1a1c01bbd47fc00a2c39e90264f33305004495a9","hash":"b731458c7b17f8c66fabdad334c2af60aa38cf3f"}
,"C:\\Users\\RAVI R VADHER\\Desktop\\Sweet-Shop-Managment\\backend\\src\\routes\\auth.routes.js": {"path":"C:\\Users\\RAVI R VADHER\\Desktop\\Sweet-Shop-Managment\\backend\\src\\routes\\auth.routes.js","statementMap":{"0":{"start":{"line":1,"column":16},"end":{"line":1,"column":34}},"1":{"start":{"line":2,"column":15},"end":{"line":2,"column":32}},"2":{"start":{"line":3,"column":13},"end":{"line":3,"column":38}},"3":{"start":{"line":4,"column":12},"end":{"line":4,"column":35}},"4":{"start":{"line":6,"column":15},"end":{"line":6,"column":31}},"5":{"start":{"line":8,"column":0},"end":{"line":27,"column":3}},"6":{"start":{"line":9,"column":30},"end":{"line":9,"column":38}},"7":{"start":{"line":11,"column":23},"end":{"line":11,"column":52}},"8":{"start":{"line":12,"column":2},"end":{"line":14,"column":3}},"9":{"start":{"line":13,"column":4},"end":{"line":13,"column":68}},"10":{"start":{"line":16,"column":25},"end":{"line":16,"column":56}},"11":{"start":{"line":18,"column":15},"end":{"line":21,"column":4}},"12":{"start":{"line":23,"column":2},"end":{"line":26,"column":5}},"13":{"start":{"line":29,"column":0},"end":{"line":49,"column":3}},"14":{"start":{"line":30,"column":30},"end":{"line":30,"column":38}},"15":{"start":{"line":32,"column":15},"end":{"line":32,"column":44}},"16":{"start":{"line":33,"column":2},"end":{"line":35,"column":3}},"17":{"start":{"line":34,"column":4},"end":{"line":34,"column":68}},"18":{"start":{"line":37,"column":18},"end":{"line":37,"column":63}},"19":{"start":{"line":38,"column":2},"end":{"line":40,"column":3}},"20":{"start":{"line":39,"column":4},"end":{"line":39,"column":68}},"21":{"start":{"line":42,"column":16},"end":{"line":46,"column":3}},"22":{"start":{"line":48,"column":2},"end":{"line":48,"column":34}},"23":{"start":{"line":51,"column":0},"end":{"line":51,"column":24}}},"fnMap":{"0":{"name":"(anonymous_0)","decl":{"start":{"line":8,"column":25},"end":{"line":8,"column":26}},"loc":{"start":{"line":8,"column":45},"end":{"line":27,"column":1}},"line":8},"1":{"name":"(anonymous_1)","decl":{"start":{"line":29,"column":22},"end":{"line":29,"column":23}},"loc":{"start":{"line":29,"column":42},"end":{"line":49,"column":1}},"line":29}},"branchMap":{"0":{"loc":{"start":{"line":12,"column":2},"end":{"line":14,"column":3}},"type":"if","locations":[{"start":{"line":12,"column":2},"end":{"line":14,"column":3}},{"start":{},"end":{}}],"line":12},"1":{"loc":{"start":{"line":33,"column":2},"end":{"line":35,"column":3}},"type":"if","locations":[{"start":{"line":33,"column":2},"end":{"line":35,"column":3}},{"start":{},"end":{}}],"line":33},"2":{"loc":{"start":{"line":38,"column":2},"end":{"line":40,"column":3}},"type":"if","locations":[{"start":{"line":38,"column":2},"end":{"line":40,"column":3}},{"start":{},"end":{}}],"line":38}},"s":{"0":2,"1":2,"2":2,"3":2,"4":2,"5":2,"6":3,"7":3,"8":3,"9":0,"10":3,"11":3,"12":3,"13":2,"14":4,"15":4,"16":4,"17":0,"18":4,"19":4,"20":0,"21":4,"22":4,"23":2},"f":{"0":3,"1":4},"b":{"0":[0,3],"1":[0,4],"2":[0,4]},"_coverageSchema":"1a1c01bbd47fc00a2c39e90264f33305004495a9","hash":"fe98eb2c0cadabbb88fbdefc61a9383474e8ef7c"}
,"C:\\Users\\RAVI R VADHER\\Desktop\\Sweet-Shop-Managment\\backend\\src\\routes\\sweet.routes.js": {"path":"C:\\Users\\RAVI R VADHER\\Desktop\\Sweet-Shop-Managment\\backend\\src\\routes\\sweet.routes.js","statementMap":{"0":{"start":{"line":1,"column":16},"end":{"line":1,"column":34}},"1":{"start":{"line":2,"column":14},"end":{"line":2,"column":40}},"2":{"start":{"line":3,"column":13},"end":{"line":3,"column":53}},"3":{"start":{"line":4,"column":14},"end":{"line":4,"column":55}},"4":{"start":{"line":6,"column":15},"end":{"line":6,"column":31}},"5":{"start":{"line":8,"column":0},"end":{"line":11,"column":3}},"6":{"start":{"line":9,"column":16},"end":{"line":9,"column":44}},"7":{"start":{"line":10,"column":2},"end":{"line":10,"column":30}},"8":{"start":{"line":13,"column":0},"end":{"line":28,"column":3}},"9":{"start":{"line":14,"column":16},"end":{"line":14,"column":51}},"10":{"start":{"line":16,"column":2},"end":{"line":18,"column":3}},"11":{"start":{"line":17,"column":4},"end":{"line":17,"column":64}},"12":{"start":{"line":20,"column":2},"end":{"line":22,"column":3}},"13":{"start":{"line":21,"column":4},"end":{"line":21,"column":61}},"14":{"start":{"line":24,"column":2},"end":{"line":24,"column":22}},"15":{"start":{"line":25,"column":2},"end":{"line":25,"column":21}},"16":{"start":{"line":27,"column":2},"end":{"line":27,"column":30}},"17":{"start":{"line":30,"column":0},"end":{"line":42,"column":3}},"18":{"start":{"line":31,"column":21},"end":{"line":31,"column":29}},"19":{"start":{"line":33,"column":16},"end":{"line":33,"column":51}},"20":{"start":{"line":34,"column":2},"end":{"line":36,"column":3}},"21":{"start":{"line":35,"column":4},"end":{"line":35,"column":64}},"22":{"start":{"line":38,"column":2},"end":{"line":38,"column":27}},"23":{"start":{"line":39,"column":2},"end":{"line":39,"column":21}},"24":{"start":{"line":41,"column":2},"end":{"line":41,"column":30}},"25":{"start":{"line":43,"column":0},"end":{"line":46,"column":3}},"26":{"start":{"line":44,"column":17},"end":{"line":44,"column":35}},"27":{"start":{"line":45,"column":2},"end":{"line":45,"column":31}},"28":{"start":{"line":47,"column":0},"end":{"line":68,"column":3}},"29":{"start":{"line":48,"column":49},"end":{"line":48,"column":58}},"30":{"start":{"line":50,"column":16},"end":{"line":50,"column":18}},"31":{"start":{"line":52,"column":2},"end":{"line":54,"column":3}},"32":{"start":{"line":53,"column":4},"end":{"line":53,"column":49}},"33":{"start":{"line":56,"column":2},"end":{"line":58,"column":3}},"34":{"start":{"line":57,"column":4},"end":{"line":57,"column":30}},"35":{"start":{"line":60,"column":2},"end":{"line":64,"column":3}},"36":{"start":{"line":61,"column":4},"end":{"line":61,"column":21}},"37":{"start":{"line":62,"column":4},"end":{"line":62,"column":54}},"38":{"start":{"line":62,"column":18},"end":{"line":62,"column":54}},"39":{"start":{"line":63,"column":4},"end":{"line":63,"column":54}},"40":{"start":{"line":63,"column":18},"end":{"line":63,"column":54}},"41":{"start":{"line":66,"column":17},"end":{"line":66,"column":40}},"42":{"start":{"line":67,"column":2},"end":{"line":67,"column":31}},"43":{"start":{"line":71,"column":0},"end":{"line":71,"column":24}}},"fnMap":{"0":{"name":"(anonymous_0)","decl":{"start":{"line":8,"column":30},"end":{"line":8,"column":31}},"loc":{"start":{"line":8,"column":50},"end":{"line":11,"column":1}},"line":8},"1":{"name":"(anonymous_1)","decl":{"start":{"line":13,"column":35},"end":{"line":13,"column":36}},"loc":{"start":{"line":13,"column":55},"end":{"line":28,"column":1}},"line":13},"2":{"name":"(anonymous_2)","decl":{"start":{"line":30,"column":41},"end":{"line":30,"column":42}},"loc":{"start":{"line":30,"column":61},"end":{"line":42,"column":1}},"line":30},"3":{"name":"(anonymous_3)","decl":{"start":{"line":43,"column":22},"end":{"line":43,"column":23}},"loc":{"start":{"line":43,"column":42},"end":{"line":46,"column":1}},"line":43},"4":{"name":"(anonymous_4)","decl":{"start":{"line":47,"column":28},"end":{"line":47,"column":29}},"loc":{"start":{"line":47,"column":48},"end":{"line":68,"column":1}},"line":47}},"branchMap":{"0":{"loc":{"start":{"line":16,"column":2},"end":{"line":18,"column":3}},"type":"if","locations":[{"start":{"line":16,"column":2},"end":{"line":18,"column":3}},{"start":{},"end":{}}],"line":16},"1":{"loc":{"start":{"line":20,"column":2},"end":{"line":22,"column":3}},"type":"if","locations":[{"start":{"line":20,"column":2},"end":{"line":22,"column":3}},{"start":{},"end":{}}],"line":20},"2":{"loc":{"start":{"line":34,"column":2},"end":{"line":36,"column":3}},"type":"if","locations":[{"start":{"line":34,"column":2},"end":{"line":36,"column":3}},{"start":{},"end":{}}],"line":34},"3":{"loc":{"start":{"line":52,"column":2},"end":{"line":54,"column":3}},"type":"if","locations":[{"start":{"line":52,"column":2},"end":{"line":54,"column":3}},{"start":{},"end":{}}],"line":52},"4":{"loc":{"start":{"line":56,"column":2},"end":{"line":58,"column":3}},"type":"if","locations":[{"start":{"line":56,"column":2},"end":{"line":58,"column":3}},{"start":{},"end":{}}],"line":56},"5":{"loc":{"start":{"line":60,"column":2},"end":{"line":64,"column":3}},"type":"if","locations":[{"start":{"line":60,"column":2},"end":{"line":64,"column":3}},{"start":{},"end":{}}],"line":60},"6":{"loc":{"start":{"line":60,"column":6},"end":{"line":60,"column":26}},"type":"binary-expr","locations":[{"start":{"line":60,"column":6},"end":{"line":60,"column":14}},{"start":{"line":60,"column":18},"end":{"line":60,"column":26}}],"line":60},"7":{"loc":{"start":{"line":62,"column":4},"end":{"line":62,"column":54}},"type":"if","locations":[{"start":{"line":62,"column":4},"end":{"line":62,"column":54}},{"start":{},"end":{}}],"line":62},"8":{"loc":{"start":{"line":63,"column":4},"end":{"line":63,"column":54}},"type":"if","locations":[{"start":{"line":63,"column":4},"end":{"line":63,"column":54}},{"start":{},"end":{}}],"line":63}},"s":{"0":2,"1":2,"2":2,"3":2,"4":2,"5":2,"6":7,"7":7,"8":2,"9":3,"10":3,"11":0,"12":3,"13":1,"14":2,"15":2,"16":2,"17":2,"18":1,"19":1,"20":1,"21":0,"22":1,"23":1,"24":1,"25":2,"26":1,"27":1,"28":2,"29":1,"30":1,"31":1,"32":1,"33":1,"34":0,"35":1,"36":0,"37":0,"38":0,"39":0,"40":0,"41":1,"42":1,"43":2},"f":{"0":7,"1":3,"2":1,"3":1,"4":1},"b":{"0":[0,3],"1":[1,2],"2":[0,1],"3":[1,0],"4":[0,1],"5":[0,1],"6":[1,1],"7":[0,0],"8":[0,0]},"_coverageSchema":"1a1c01bbd47fc00a2c39e90264f33305004495a9","hash":"f00c102a5c06993bd129c877be7a8e999fe331e7"}
}
