TN:
SF:src\app.js
FN:9,(anonymous_0)
FNF:1
FNH:0
FNDA:0,(anonymous_0)
DA:1,2
DA:2,2
DA:4,2
DA:6,2
DA:9,2
DA:10,0
DA:14,2
DA:15,2
DA:17,2
DA:19,2
DA:20,2
DA:24,2
LF:12
LH:11
BRF:0
BRH:0
end_of_record
TN:
SF:src\middleware\admin.middleware.js
FN:1,(anonymous_0)
FNF:1
FNH:1
FNDA:10,(anonymous_0)
DA:1,2
DA:2,10
DA:3,2
DA:5,8
LF:4
LH:4
BRDA:2,0,0,2
BRDA:2,0,1,8
BRF:2
BRH:2
end_of_record
TN:
SF:src\middleware\auth.middleware.js
FN:3,(anonymous_0)
FNF:1
FNH:1
FNDA:15,(anonymous_0)
DA:1,2
DA:3,2
DA:4,15
DA:6,15
DA:7,0
DA:10,15
DA:12,15
DA:13,15
DA:14,15
DA:15,15
DA:17,0
LF:11
LH:9
BRDA:6,0,0,0
BRDA:6,0,1,15
BRF:2
BRH:1
end_of_record
TN:
SF:src\models\Sweet.js
FNF:0
FNH:0
DA:1,2
DA:3,2
DA:10,2
LF:3
LH:3
BRF:0
BRH:0
end_of_record
TN:
SF:src\models\User.js
FNF:0
FNH:0
DA:1,2
DA:3,2
DA:20,2
LF:3
LH:3
BRF:0
BRH:0
end_of_record
TN:
SF:src\routes\admin.routes.js
FN:7,(anonymous_0)
FNF:1
FNH:0
FNDA:0,(anonymous_0)
DA:1,2
DA:2,2
DA:3,2
DA:5,2
DA:7,2
DA:8,0
DA:11,2
LF:7
LH:6
BRF:0
BRH:0
end_of_record
TN:
SF:src\routes\auth.routes.js
FN:8,(anonymous_0)
FN:29,(anonymous_1)
FNF:2
FNH:2
FNDA:3,(anonymous_0)
FNDA:4,(anonymous_1)
DA:1,2
DA:2,2
DA:3,2
DA:4,2
DA:6,2
DA:8,2
DA:9,3
DA:11,3
DA:12,3
DA:13,0
DA:16,3
DA:18,3
DA:23,3
DA:29,2
DA:30,4
DA:32,4
DA:33,4
DA:34,0
DA:37,4
DA:38,4
DA:39,0
DA:42,4
DA:48,4
DA:51,2
LF:24
LH:21
BRDA:12,0,0,0
BRDA:12,0,1,3
BRDA:33,1,0,0
BRDA:33,1,1,4
BRDA:38,2,0,0
BRDA:38,2,1,4
BRF:6
BRH:3
end_of_record
TN:
SF:src\routes\sweet.routes.js
FN:8,(anonymous_0)
FN:13,(anonymous_1)
FN:30,(anonymous_2)
FN:43,(anonymous_3)
FN:47,(anonymous_4)
FNF:5
FNH:5
FNDA:7,(anonymous_0)
FNDA:3,(anonymous_1)
FNDA:1,(anonymous_2)
FNDA:1,(anonymous_3)
FNDA:1,(anonymous_4)
DA:1,2
DA:2,2
DA:3,2
DA:4,2
DA:6,2
DA:8,2
DA:9,7
DA:10,7
DA:13,2
DA:14,3
DA:16,3
DA:17,0
DA:20,3
DA:21,1
DA:24,2
DA:25,2
DA:27,2
DA:30,2
DA:31,1
DA:33,1
DA:34,1
DA:35,0
DA:38,1
DA:39,1
DA:41,1
DA:43,2
DA:44,1
DA:45,1
DA:47,2
DA:48,1
DA:50,1
DA:52,1
DA:53,1
DA:56,1
DA:57,0
DA:60,1
DA:61,0
DA:62,0
DA:63,0
DA:66,1
DA:67,1
DA:71,2
LF:42
LH:36
BRDA:16,0,0,0
BRDA:16,0,1,3
BRDA:20,1,0,1
BRDA:20,1,1,2
BRDA:34,2,0,0
BRDA:34,2,1,1
BRDA:52,3,0,1
BRDA:52,3,1,0
BRDA:56,4,0,0
BRDA:56,4,1,1
BRDA:60,5,0,0
BRDA:60,5,1,1
BRDA:60,6,0,1
BRDA:60,6,1,1
BRDA:62,7,0,0
BRDA:62,7,1,0
BRDA:63,8,0,0
BRDA:63,8,1,0
BRF:18
BRH:9
end_of_record
